[debug] [2023-01-09T10:15:27.317Z] ----------------------------------------------------------------------
[debug] [2023-01-09T10:15:27.319Z] Command:       C:\Program Files\nodejs\node.exe C:\Users\junae\AppData\Roaming\npm\node_modules\firebase-tools\lib\bin\firebase.js init
[debug] [2023-01-09T10:15:27.320Z] CLI Version:   11.20.0
[debug] [2023-01-09T10:15:27.320Z] Platform:      win32
[debug] [2023-01-09T10:15:27.320Z] Node Version:  v16.15.1
[debug] [2023-01-09T10:15:27.321Z] Time:          Mon Jan 09 2023 16:15:27 GMT+0600 (Bangladesh Standard Time)
[debug] [2023-01-09T10:15:27.322Z] ----------------------------------------------------------------------
[debug] 
[debug] [2023-01-09T10:15:27.418Z] > command requires scopes: ["email","openid","https://www.googleapis.com/auth/cloudplatformprojects.readonly","https://www.googleapis.com/auth/firebase","https://www.googleapis.com/auth/cloud-platform"]
[debug] [2023-01-09T10:15:27.418Z] > authorizing via signed-in user (junaed.binuddin@gmail.com)
[info] 
     ######## #### ########  ######## ########     ###     ######  ########
     ##        ##  ##     ## ##       ##     ##  ##   ##  ##       ##
     ######    ##  ########  ######   ########  #########  ######  ######
     ##        ##  ##    ##  ##       ##     ## ##     ##       ## ##
     ##       #### ##     ## ######## ########  ##     ##  ######  ########

You're about to initialize a Firebase project in this directory:

  C:\Users\junae\Downloads\Programming Hero\6. Node\Final Assignment\DeviceExpress

Before we get started, keep in mind:

  * You are initializing within an existing Firebase project directory

[info] 
=== Project Setup
[info] 
[info] First, let's associate this project directory with a Firebase project.
[info] You can create multiple project aliases by running firebase use --add, 
[info] but for now we'll just set up a default project.
[info] 
[debug] [2023-01-09T10:15:44.645Z] Using project from CLI flag: assignment-67469
[debug] [2023-01-09T10:15:44.649Z] >>> [apiv2][query] GET https://firebase.googleapis.com/v1beta1/projects/assignment-67469 [none]
[debug] [2023-01-09T10:15:45.217Z] <<< [apiv2][status] GET https://firebase.googleapis.com/v1beta1/projects/assignment-67469 200
[debug] [2023-01-09T10:15:45.217Z] <<< [apiv2][body] GET https://firebase.googleapis.com/v1beta1/projects/assignment-67469 {"projectId":"assignment-67469","projectNumber":"621175233356","displayName":"DeviceExpress","name":"projects/assignment-67469","resources":{"hostingSite":"assignment-67469"},"state":"ACTIVE","etag":"1_fc27d381-63bd-40e2-8935-a1e532e0419d"}
[info] i  Using project assignment-67469 (DeviceExpress) 
[info] 
=== Hosting Setup
[info] 
[info] Your public directory is the folder (relative to your project directory) that
[info] will contain Hosting assets to be uploaded with firebase deploy. If you
[info] have a build process for your assets, use your build's output directory.
[info] 
